2021-09-29T05:53:26-07:00 CRITICAL Uncaught Exception: DateTime::__construct(): Failed to parse time string (2021-012-31) at position 7 (2): Unexpected character in /home/642855.cloudwaysapps.com/zvdtvwubwd/public_html/wp-content/plugins/WP_ADS/plugin.php:409
Stack trace:
#0 /home/642855.cloudwaysapps.com/zvdtvwubwd/public_html/wp-content/plugins/WP_ADS/plugin.php(409): DateTime->__construct('2021-012-31')
#1 /home/642855.cloudwaysapps.com/zvdtvwubwd/public_html/wp-includes/class-wp-hook.php(303): SP_Plugin_ADS->plugin_settings_page('')
#2 /home/642855.cloudwaysapps.com/zvdtvwubwd/public_html/wp-includes/class-wp-hook.php(327): WP_Hook->apply_filters('', Array)
#3 /home/642855.cloudwaysapps.com/zvdtvwubwd/public_html/wp-includes/plugin.php(470): WP_Hook->do_action(Array)
#4 /home/642855.cloudwaysapps.com/zvdtvwubwd/public_html/wp-admin/admin.php(259): do_action('toplevel_page_A...')
#5 {main}
  thrown in /home/642855.cloudwaysapps.com/zvdtvwubwd/public_html/wp-content/plugins/WP_ADS/plugin.php on line 409

2021-09-29T05:58:06-07:00 CRITICAL Uncaught Exception: DateTime::__construct(): Failed to parse time string (2021-012-31) at position 7 (2): Unexpected character in /home/642855.cloudwaysapps.com/zvdtvwubwd/public_html/wp-content/plugins/WP_ADS/plugin.php:409
Stack trace:
#0 /home/642855.cloudwaysapps.com/zvdtvwubwd/public_html/wp-content/plugins/WP_ADS/plugin.php(409): DateTime->__construct('2021-012-31')
#1 /home/642855.cloudwaysapps.com/zvdtvwubwd/public_html/wp-includes/class-wp-hook.php(303): SP_Plugin_ADS->plugin_settings_page('')
#2 /home/642855.cloudwaysapps.com/zvdtvwubwd/public_html/wp-includes/class-wp-hook.php(327): WP_Hook->apply_filters('', Array)
#3 /home/642855.cloudwaysapps.com/zvdtvwubwd/public_html/wp-includes/plugin.php(470): WP_Hook->do_action(Array)
#4 /home/642855.cloudwaysapps.com/zvdtvwubwd/public_html/wp-admin/admin.php(259): do_action('toplevel_page_A...')
#5 {main}
  thrown in /home/642855.cloudwaysapps.com/zvdtvwubwd/public_html/wp-content/plugins/WP_ADS/plugin.php on line 409

2021-09-29T05:58:32-07:00 CRITICAL Uncaught Exception: DateTime::__construct(): Failed to parse time string (2021-012-31) at position 7 (2): Unexpected character in /home/642855.cloudwaysapps.com/zvdtvwubwd/public_html/wp-content/plugins/WP_ADS/plugin.php:409
Stack trace:
#0 /home/642855.cloudwaysapps.com/zvdtvwubwd/public_html/wp-content/plugins/WP_ADS/plugin.php(409): DateTime->__construct('2021-012-31')
#1 /home/642855.cloudwaysapps.com/zvdtvwubwd/public_html/wp-includes/class-wp-hook.php(303): SP_Plugin_ADS->plugin_settings_page('')
#2 /home/642855.cloudwaysapps.com/zvdtvwubwd/public_html/wp-includes/class-wp-hook.php(327): WP_Hook->apply_filters('', Array)
#3 /home/642855.cloudwaysapps.com/zvdtvwubwd/public_html/wp-includes/plugin.php(470): WP_Hook->do_action(Array)
#4 /home/642855.cloudwaysapps.com/zvdtvwubwd/public_html/wp-admin/admin.php(259): do_action('toplevel_page_A...')
#5 {main}
  thrown in /home/642855.cloudwaysapps.com/zvdtvwubwd/public_html/wp-content/plugins/WP_ADS/plugin.php on line 409

2021-09-29T15:02:43+00:00 CRITICAL syntax error, unexpected end of file in /home/642855.cloudwaysapps.com/zvdtvwubwd/public_html/wp-content/themes/dokan-child/functions.php on line 5295

